Diagnose log at 2025-07-01T06:21:52Z

AppPath: /usr/bin/git-credential-manager
InstallDir: /usr/lib/share/git-credential-manager/
Version: 2.6.1

------------
Diagnostic: Environment
Skipped: False
Success: True
Exception: None
Log:
OSType: Linux
OSVersion: Arch Linux
Reading environment variables... OK
 Variables:
JOURNAL_STREAM=9:10510
CSF_TObjMessage=/usr/share/opencascade/resources/TObj
KONSOLE_DBUS_SERVICE=:1.86
PROFILEHOME=
DRAWDEFAULT=/usr/share/opencascade/resources/DrawResources/DrawDefault
DESKTOP_SESSION=plasma
CSF_PluginDefaults=/usr/share/opencascade/resources/StdResource
XDG_SEAT_PATH=/org/freedesktop/DisplayManager/Seat0
CSF_TObjDefaults=/usr/share/opencascade/resources/StdResource
XDG_MENU_PREFIX=plasma-
USER=sibtain
QT_AUTO_SCREEN_SCALE_FACTOR=0
CSF_StandardDefaults=/usr/share/opencascade/resources/StdResource
CSF_OCCTResourcePath=/usr/share/opencascade/resources
KDE_SESSION_UID=1000
KDE_FULL_SESSION=true
_=/usr/bin/git
PATH=/usr/lib/git-core:/usr/local/sbin:/usr/local/bin:/usr/bin:/var/lib/flatpak/exports/bin:/usr/lib/jvm/default/bin:/usr/bin/site_perl:/usr/bin/vendor_perl:/usr/bin/core_perl
GIT_EXEC_PATH=/usr/lib/git-core
QT_WAYLAND_RECONNECT=1
SHELL_SESSION_ID=52b75551dd8b43228b1dbb4302d1b0ea
LOGNAME=sibtain
PAM_KWALLET5_LOGIN=/run/user/1000/kwallet5.socket
CSF_LANGUAGE=us
MMGT_CLEAR=1
ICEAUTHORITY=/run/user/1000/iceauth_crogTu
LANGUAGE=
CSF_STEPDefaults=/usr/share/opencascade/resources/XSTEPResource
DRAWHOME=/usr/share/opencascade/resources/DrawResources
XDG_CURRENT_DESKTOP=KDE
TERM=xterm-256color
MOTD_SHOWN=pam
PWD=/home/sibtain/Desktop/Px/25_jrs_python_tasks
CSF_DrawPluginDefaults=/usr/share/opencascade/resources/DrawResources
XAUTHORITY=/run/user/1000/xauth_hskbCD
CSF_SHMessage=/usr/share/opencascade/resources/SHMessage
COLORFGBG=15;0
CSF_XSMessage=/usr/share/opencascade/resources/XSMessage
KONSOLE_DBUS_SESSION=/Sessions/1
DISPLAY=:1
WAYLAND_DISPLAY=wayland-0
KONSOLE_DBUS_WINDOW=/Windows/1
KDE_SESSION_VERSION=6
XDG_SESSION_TYPE=wayland
WINDOWID=97039752100096
GTK_RC_FILES=/etc/gtk/gtkrc:/home/sibtain/.gtkrc:/home/sibtain/.config/gtkrc
MEMORY_PRESSURE_WRITE=c29tZSAyMDAwMDAgMjAwMDAwMAA=
KDE_APPLICATIONS_AS_SCOPE=1
SYSTEMD_EXEC_PID=819
SHLVL=1
XDG_DATA_DIRS=/home/sibtain/.local/share/flatpak/exports/share:/var/lib/flatpak/exports/share:/usr/local/share:/usr/share
CSF_MDTVTexturesDirectory=/usr/share/opencascade/resources/Textures
SHELL=/bin/bash
XDG_RUNTIME_DIR=/run/user/1000
XDG_SESSION_PATH=/org/freedesktop/DisplayManager/Session1
COLORTERM=truecolor
CSF_EXCEPTION_PROMPT=1
CSF_IGESDefaults=/usr/share/opencascade/resources/XSTEPResource
MANAGERPID=584
CSF_ShadersDirectory=/usr/share/opencascade/resources/Shaders
CASROOT=/usr
XDG_SESSION_ID=2
DEBUGINFOD_URLS=https://debuginfod.archlinux.org 
MAIL=/var/spool/mail/sibtain
SESSION_MANAGER=local/sibtain:@/tmp/.ICE-unix/790,unix/sibtain:/tmp/.ICE-unix/790
CSF_StandardLiteDefaults=/usr/share/opencascade/resources/StdResource
OLDPWD=/home/sibtain/Desktop/Px
XDG_SESSION_CLASS=user
CSF_XCAFDefaults=/usr/share/opencascade/resources/StdResource
CSF_MIGRATION_TYPES=/usr/share/opencascade/resources/StdResource/MigrationSheet.txt
HOME=/home/sibtain
GIT_TRACE2_PARENT_SID=fa21acc1-b826-4b98-90dc-fc08b6189bf1
INVOCATION_ID=d9b846ef72a6408c938cd1aba027d077
KONSOLE_VERSION=250401
XDG_VTNR=1
LANG=en_US.UTF-8
MEMORY_PRESSURE_WATCH=/sys/fs/cgroup/user.slice/user-1000.slice/user@1000.service/session.slice/plasma-plasmashell.service/memory.pressure
CSF_XmlOcafResource=/usr/share/opencascade/resources/XmlOcafResource
XDG_CONFIG_DIRS=/home/sibtain/.config/kdedefaults:/etc/xdg
GTK2_RC_FILES=/etc/gtk-2.0/gtkrc:/home/sibtain/.gtkrc-2.0:/home/sibtain/.config/gtkrc-2.0
XDG_SEAT=seat0
XDG_SESSION_DESKTOP=KDE
DBUS_SESSION_BUS_ADDRESS=unix:path=/run/user/1000/bus


------------
Diagnostic: File system
Skipped: False
Success: True
Exception: None
Log:
Temporary directory is '/tmp/'...
Checking basic file I/O...
Writing to temporary file '/tmp/c2b349ed819e13a7cd26c599'... OK
Reading from temporary file '/tmp/c2b349ed819e13a7cd26c599'... OK
Deleting temporary file '/tmp/c2b349ed819e13a7cd26c599'... OK
Testing IFileSystem instance...
UserHomePath: /home/sibtain
UserDataDirectoryPath: /home/sibtain/.gcm
GetCurrentDirectory(): /home/sibtain/Desktop/Px/25_jrs_python_tasks

------------
Diagnostic: Networking
Skipped: False
Success: True
Exception: None
Log:
Checking networking and HTTP stack...
Creating HTTP client... OK
IsNetworkAvailable: True
Sending HEAD request to http://example.com...Sending HEAD request to https://example.com... OK
 OK
Acquiring free TCP port... OK
Testing local HTTP loopback connections...
Creating new HTTP listener for http://localhost:44915/... OK
Waiting for loopback connection... OK
Writing response... OK
Waiting for response data... OK
Loopback connection data OK

------------
Diagnostic: Git
Skipped: False
Success: True
Exception: None
Log:
Getting Git version... OK
Git version is '2.49.0'
Locating current repository...Git repository at '/home/sibtain/Desktop/Px/25_jrs_python_tasks/.git'
 OK
Listing all Git configuration... OK
Git configuration:
file:/home/sibtain/.gitconfig	user.email=sibtainnayani43@gmail.com
file:/home/sibtain/.gitconfig	user.name=Sibtain-Nayani

file:/home/sibtain/.gitconfig	credential.helper=
file:/home/sibtain/.gitconfig	credential.helper=/usr/bin/git-credential-manager
file:/home/sibtain/.gitconfig	credential.credentialstore=plaintext
file:/home/sibtain/.gitconfig	credential.https://dev.azure.com.usehttppath=true
file:.git/config	core.repositoryformatversion=0
file:.git/config	core.filemode=true
file:.git/config	core.bare=false
file:.git/config	core.logallrefupdates=true
file:.git/config	remote.origin.url=https://github.com/Sibtain-Nayani/25_jrs_python_tasks.git
file:.git/config	remote.origin.fetch=+refs/heads/*:refs/remotes/origin/*
file:.git/config	branch.main.remote=origin
file:.git/config	branch.main.merge=refs/heads/main


------------
Diagnostic: Credential storage
Skipped: False
Success: True
Exception: None
Log:
ICredentialStore instance is of type: CredentialStore
Writing test credential... OK
Reading test credential... OK
Deleting test credential... OK

------------
Diagnostic: Microsoft authentication (AAD/MSA)
Skipped: False
Success: True
Exception: None
Log:
Broker is not enabled.
Flow type is: Auto
Gathering MSAL token cache data... OK
CacheDirectory: /home/sibtain/.local/.IdentityService
CacheFileName: msal.cache
CacheFilePath: /home/sibtain/.local/.IdentityService/msal.cache
KeyringCollection: 
KeyringSchemaName: 
KeyringSecretLabel: 
KeyringAttribute1: (,)
KeyringAttribute2: (,)
Creating cache helper... OK
Verifying MSAL token cache persistence... OK

------------
Diagnostic: GitHub API
Skipped: False
Success: True
Exception: None
Log:
Using 'https://github.com/' as API target.
Querying '/meta' endpoint... OK

